Oct 04 20:58 : update: added SwordArtOnline/Sword Art Online - INNOCENCE.mp3
Oct 04 20:58 : update: added Yovie & Nuno/Yovie & Nuno - Bunga JIwaku.mp3
Oct 04 20:58 : update: added Yovie & Nuno/Yovie & Nuno - Janji Suci.mp3
Oct 04 20:58 : update: added Yovie & Nuno/Yovie & Nuno - Merindu Lagi.mp3
Oct 04 20:58 : update: added Yovie & Nuno/Yovie & Nuno - Sempat Memiliki.mp3
Oct 04 20:58 : update: added Yovie & Nuno/Yovie & Nuno -  Manusia Biasa (CLB) CD Rip.mp3
Oct 04 20:58 : update: added Yovie & Nuno/Yovie & Nuno - Menjaga Hari.mp3
Oct 04 20:58 : update: added Yovie & Nuno/Yovie & Nuno - Dia Milikku.mp3
Oct 04 20:58 : update: added Mirai Nikki/Kuusou Mesorogiwi - Yousei Teikoku [Mirai Nikki OP Full] ~320kbps~ (JeancarloSan).mp3
Oct 04 20:58 : update: added Guilty Crown OST/Guiltycrown-everlasting.mp3
Oct 04 20:58 : update: added Guilty Crown OST/EGOIST - 01.Departures ~¤¢¤Ê¤¿¤Ë¤ª¤¯¤ë¥¢¥¤¤Î¸è~ .mp3
Oct 04 20:58 : update: added Guilty Crown OST/supercel-My Dearest l.mp3
Oct 04 20:58 : update: added Guilty Crown OST/EGoist-Euterpe.mp3
Oct 04 20:58 : update: added Guilty Crown OST/澤野弘之 - βios.mp3
Oct 04 20:58 : update: added Guilty Crown OST/ryo(supercell) - 『エウテルペ ～Silence～』.mp3
Oct 04 20:58 : update: added Guilty Crown OST/guilty crown - kokuhaku(supercell).mp3
Oct 04 20:58 : update: added Guilty Crown OST/澤野弘之 -  Rё.L　_feat. Cyua_ .mp3
Oct 04 20:58 : update: added The World Ends With You Album Edition/9 - ハイブリッド ~New Born.mp3
Oct 04 20:58 : update: added The World Ends With You Album Edition/5 - サムデイ (Someday) ~Unplugged.mp3
Oct 04 20:58 : update: added The World Ends With You Album Edition/13 - Three Minutes Clapping.mp3
Oct 04 20:58 : update: added The World Ends With You Album Edition/10 - Twister ~That Power is Yet Unknown.mp3
Oct 04 20:58 : update: added The World Ends With You Album Edition/1 - Twister (Original Version).mp3
Oct 04 20:58 : update: added The World Ends With You Album Edition/15 - The One Star.mp3
Oct 04 20:58 : update: added The World Ends With You Album Edition/18 - Transformation ~Transformed.mp3
Oct 04 20:58 : update: added The World Ends With You Album Edition/14 - Twister (Gang Mix).mp3
Oct 04 20:58 : update: added The World Ends With You Album Edition/7 - Game Over ~Busy, Dizzy and Lazy.mp3
Oct 04 20:58 : update: added The World Ends With You Album Edition/16 - Owari-Hajimari.mp3
Oct 04 20:58 : update: added The World Ends With You Album Edition/11 - Déjà Vu.mp3
Oct 04 20:58 : update: added The World Ends With You Album Edition/3 - Give Me All Your Love ~All My Love.mp3
Oct 04 20:58 : update: added The World Ends With You Album Edition/4 - Long Dream (1980)-.mp3
Oct 04 20:58 : update: added The World Ends With You Album Edition/2 - Calling (1960s).mp3
Oct 04 20:58 : update: added The World Ends With You Album Edition/17 - Three Minutes Clapping (Live).mp3
Oct 04 20:58 : update: added The World Ends With You Album Edition/19 - Déjà Vu (Discoteque).mp3
Oct 04 20:58 : update: added The World Ends With You Album Edition/6 - Make or Break ~Black Box.mp3
Oct 04 20:58 : update: added The World Ends With You Album Edition/8 - オーパーツ ~Give Me a Chance.mp3
Oct 04 20:58 : update: added The World Ends With You Album Edition/12 - Transformation.mp3
Oct 04 20:58 : update: added K-On!/Cagayake Girls/02 - Happy! Sorry!!.mp3
Oct 04 20:58 : update: added K-On!/Cagayake Girls/01 - Cagayake! GIRLS.mp3
Oct 04 20:58 : update: added K-On!/Mio-No Thank You/k-on NO,Thank you!.mp3
Oct 04 20:58 : update: added K-On!/Yui ver/01 - Curry Nochi Rice.mp3
Oct 04 20:58 : update: added K-On!/Yui ver/02 - Watashi no Koi wa Hotch Kiss.mp3
Oct 04 20:58 : update: added K-On!/Yui ver/03 - Fude Pen ~Ballpoint Pen~.mp3
Oct 04 20:58 : avahi: Service 'Music Player' successfully established.
Oct 04 20:58 : update: added K-On!/Yui ver/04 - Fuwa Fuwa Time (5nin Version).mp3
Oct 04 20:58 : update: added /AKB48 - Kaze wa Fuiteiru [mp3clan.com].mp3
Oct 04 20:58 : update: added /Ichinen Nikagetsu Hatsuka - Bright.mp3
Oct 04 20:58 : update: added Naruto/01.naruto shippuuden - hero's come back.mp3
Oct 04 20:58 : update: added Naruto/082. Blue Bird - Ikimono Gakari.mp3
Oct 04 20:58 : update: added Hyouka/01 - Yasashisa no Riyuu.mp3
Oct 04 20:58 : update: added Hyouka/02 - Komorebi-iro no Kioku.mp3
Oct 04 20:58 : update: added Hyouka/03 - Aozora no Kodou.mp3
Oct 04 20:58 : update: added K OP Single/03. KINGS (off vocal version).mp3
Oct 04 20:58 : update: added K OP Single/01. KINGS.mp3
Oct 04 20:58 : update: added /_AincradWord__Back_On_-_Nibun_no_Ichi_3.mp3
Oct 04 20:58 : update: added /1 FLAT (adding Yuuki Ozaki).mp3
Oct 04 20:58 : update: added The World Ends With You OST/15 ツイスター.mp3
Oct 04 20:58 : update: added The World Ends With You OST/19 Rush Hour.mp3
Oct 04 20:58 : update: added The World Ends With You OST/23 Game Over.mp3
Oct 04 20:58 : update: added The World Ends With You OST/20 imprinting.mp3
Oct 04 20:58 : update: added The World Ends With You OST/10 Forebode.mp3
Oct 04 20:58 : update: added The World Ends With You OST/07 Hybrid.mp3
Oct 04 20:58 : update: added The World Ends With You OST/35 Unknown Track.mp3
Oct 04 20:58 : update: added The World Ends With You OST/01 It's So Wonderful.mp3
Oct 04 20:58 : update: added The World Ends With You OST/31 Economical Shoppers.mp3
Oct 04 20:58 : update: added The World Ends With You OST/32 SHIBUYA.mp3
Oct 04 20:58 : update: added The World Ends With You OST/16 Let's Get Together.mp3
Oct 04 20:58 : update: added The World Ends With You OST/29 It Is Fashionable.mp3
Oct 04 20:58 : update: added The World Ends With You OST/13 Satisfy.mp3
Oct 04 20:58 : update: added The World Ends With You OST/22 Psychedelic.mp3
Oct 04 20:58 : update: added The World Ends With You OST/11 Give Me All Your Love.mp3
Oct 04 20:58 : update: added The World Ends With You OST/34 Twister-Remix.mp3
Oct 04 20:58 : update: added The World Ends With You OST/04 Long Dream.mp3
Oct 04 20:58 : update: added The World Ends With You OST/24 Dancer In The Street.mp3
Oct 04 20:58 : update: added The World Ends With You OST/18 Amnesia.mp3
Oct 04 20:58 : update: added The World Ends With You OST/30 NOISY NOISE.mp3
Oct 04 20:58 : update: added The World Ends With You OST/17 Slash and Slash.mp3
Oct 04 20:58 : update: added The World Ends With You OST/05 Calling.mp3
Oct 04 20:58 : update: added The World Ends With You OST/02 Twister.mp3
Oct 04 20:58 : update: added The World Ends With You OST/26 Detonation.mp3
Oct 04 20:58 : update: added The World Ends With You OST/14 Someday.mp3
Oct 04 20:58 : update: added The World Ends With You OST/33 Make or Break.mp3
Oct 04 20:58 : update: added The World Ends With You OST/27 Black Market.mp3
Oct 04 20:58 : update: added The World Ends With You OST/03 Underground.mp3
Oct 04 20:58 : update: added The World Ends With You OST/25 ハイブリッド.mp3
Oct 04 20:58 : update: added The World Ends With You OST/28 Junk Garage.mp3
Oct 04 20:58 : update: added The World Ends With You OST/08 Fighting For Freedom.mp3
Oct 04 20:58 : update: added The World Ends With You OST/06 Despair.mp3
Oct 04 20:58 : update: added The World Ends With You OST/21 オワリハジマリ.mp3
Oct 04 20:58 : update: added The World Ends With You OST/09 オーパーツ.mp3
Oct 04 20:58 : update: added The World Ends With You OST/12 サムデイ.mp3
Oct 04 20:58 : update: added /Rune Factory 3 - HAPPINESS( English, Long Version).mp3
Oct 04 20:58 : update: added Code Breaker/01. DARK SHAME.mp3
Oct 04 20:58 : update: added Hiiragi/Hiiragi - Ima, Kono Toki.mp3
Oct 04 20:58 : update: added The World Ends With You EP/1 - Déjà Vu.mp3
Oct 04 20:58 : update: added The World Ends With You EP/5 - Transformation.mp3
Oct 04 20:58 : update: added The World Ends With You EP/2 - Three Minutes Clapping.mp3
Oct 04 20:58 : update: added The World Ends With You EP/4 - Owari-Hajimari.mp3
Oct 04 20:58 : update: added The World Ends With You EP/6 - Twister ~The Twisters.mp3
Oct 04 20:58 : update: added The World Ends With You EP/3 - The One Star.mp3
Oct 04 20:58 : update: added /Unravel-TG-Samehadaku.net.mp3
Oct 04 20:58 : update: added UverWorld/UVERworld-Core Pride.mp3
Oct 04 20:58 : update: added GuiltyCrownOP2[20120307]SVWC-7834/02. Kimi Sora Kiseki.mp3
Oct 04 20:58 : update: added GuiltyCrownOP2[20120307]SVWC-7834/06. Kimi Sora Kiseki ~Instrumental~ .mp3
Oct 04 20:58 : update: added GuiltyCrownOP2[20120307]SVWC-7834/03. The Everlasting Guilty Crown BOOM BOOM SATELLITES remix -The Last Moment Of The Dawn-.mp3
Oct 04 20:58 : update: added GuiltyCrownOP2[20120307]SVWC-7834/04. The Everlasting Guilty Crown -TV Edit-.mp3
Oct 04 20:58 : update: added Gundam 00 OST/Gundam 00 Second Season - Namida no Mukou (OP2).mp3
Oct 04 20:58 : update: added /01 - ambiguous.mp3
Oct 04 20:58 : update: added Robotics;Notes/02 - Junjou Spectra (Moonbug remix).mp3
Oct 04 20:58 : update: added Robotics;Notes/01 - Junjou Spectra.mp3
Oct 04 20:58 : update: added Kiva/34 - 悲壮の調べ.mp3
Oct 04 20:58 : update: added Kiva/41 - Break the Chain TV-SIZE EDIT..mp3
Oct 04 20:58 : update: added Kiva/39 - 音也.mp3
Oct 04 20:58 : update: added Kiva/40 - 渡.mp3
Oct 04 20:58 : update: added Kiva/28 - 心理の探究.mp3
Oct 04 20:58 : update: added Law of Ueki/The Law of Ueki - No Regret.mp3
Oct 04 20:58 : update: added Law of Ueki/The Law of Ueki - Falco.mp3
Oct 04 20:58 : update: added /Rei Yasuda-Mirror[320][Nakama-OnePiece.blogspot.com].mp3
Oct 04 20:58 : update: added Accel World/01 - Chase the world.mp3
Oct 04 20:58 : update: added Accel World/02 - Hikari.mp3
Oct 04 20:58 : update: added /ss.mp3
Oct 04 20:58 : update: added /BACK-ON _ 「wimp ft. Lil' Fang(from FAKY)」MUSIC VIDEO-jQU8jUyX5q4.mp3
Oct 04 20:58 : update: added /tensho.mp3
Oct 04 20:58 : update: added /V.mp3
Oct 04 20:58 : update: added /01 - heavenly blue.mp3
Oct 04 20:59 : alsa_mixer: Failed to read mixer for 'dark': no such mixer control: PCM
Oct 04 21:17 : avahi: Service 'Music Player' successfully established.
Oct 04 21:19 : player: played "_AincradWord__Back_On_-_Nibun_no_Ichi_3.mp3"
Oct 04 21:19 : player: played "_AincradWord__Back_On_-_Nibun_no_Ichi_3.mp3"
Oct 04 21:21 : player: played "_AincradWord__Back_On_-_Nibun_no_Ichi_3.mp3"
Oct 04 21:21 : player: played "_AincradWord__Back_On_-_Nibun_no_Ichi_3.mp3"
Oct 04 21:31 : update: added /Re_ Hamatora Opening Full – SEN NO TSUBASA (Re：␣ハマトラ).mp3
Oct 04 21:31 : update: updating /Ichinen Nikagetsu Hatsuka - Bright.mp3
Oct 04 21:31 : update: updating /Unravel-TG-Samehadaku.net.mp3
Oct 04 21:31 : player: played "Ichinen Nikagetsu Hatsuka - Bright.mp3"
Oct 04 21:31 : player: played "Ichinen Nikagetsu Hatsuka - Bright.mp3"
Oct 04 21:36 : update: updating /Ichinen Nikagetsu Hatsuka - Bright.mp3
Oct 04 21:36 : player: played "Ichinen Nikagetsu Hatsuka - Bright.mp3"
Oct 04 21:37 : update: updating /Unravel-TG-Samehadaku.net.mp3
Oct 04 21:37 : player: played "Guilty Crown OST/supercel-My Dearest l.mp3"
Oct 04 21:37 : player: played "Rei Yasuda-Mirror[320][Nakama-OnePiece.blogspot.com].mp3"
Oct 04 21:37 : player: played "Unravel-TG-Samehadaku.net.mp3"
Oct 04 21:37 : update: updating /Unravel-TG-Samehadaku.net.mp3
Oct 04 21:41 : player: played "Rei Yasuda-Mirror[320][Nakama-OnePiece.blogspot.com].mp3"
Oct 04 21:41 : player: played "tensho.mp3"
Oct 04 21:42 : player: played "tensho.mp3"
Oct 04 21:57 : player: played "Rei Yasuda-Mirror[320][Nakama-OnePiece.blogspot.com].mp3"
Oct 04 22:03 : player: played "_AincradWord__Back_On_-_Nibun_no_Ichi_3.mp3"
Oct 04 22:10 : player: played "K OP Single/01. KINGS.mp3"
Oct 04 22:12 : player: played "K OP Single/03. KINGS (off vocal version).mp3"
Oct 04 22:17 : player: played "_AincradWord__Back_On_-_Nibun_no_Ichi_3.mp3"
Oct 04 22:22 : player: played "K OP Single/01. KINGS.mp3"
Oct 04 22:23 : player: played "K OP Single/03. KINGS (off vocal version).mp3"
Oct 05 22:10 : avahi: Service 'Music Player' successfully established.
Oct 05 22:16 : player: played "K OP Single/01. KINGS.mp3"
Oct 05 22:16 : avahi: Service 'Music Player' successfully established.
Oct 05 22:16 : player: played "K OP Single/01. KINGS.mp3"
Oct 05 22:16 : output: Failed to open audio output
Oct 05 22:17 : player: played "K OP Single/03. KINGS (off vocal version).mp3"
Oct 05 22:17 : avahi: Service 'Music Player' successfully established.
Oct 05 22:17 : player: played "K OP Single/03. KINGS (off vocal version).mp3"
Oct 05 22:17 : player: played "K OP Single/01. KINGS.mp3"
Oct 05 22:20 : player: played "_AincradWord__Back_On_-_Nibun_no_Ichi_3.mp3"
Oct 05 22:26 : player: played "K OP Single/01. KINGS.mp3"
Oct 05 22:31 : player: played "K OP Single/03. KINGS (off vocal version).mp3"
Oct 05 22:32 : player: played "K OP Single/03. KINGS (off vocal version).mp3"
Oct 05 22:35 : player: played "_AincradWord__Back_On_-_Nibun_no_Ichi_3.mp3"
Oct 05 22:39 : player: played "K OP Single/01. KINGS.mp3"
Oct 05 22:39 : avahi: Service 'Music Player' successfully established.
Oct 05 22:43 : player: played "_AincradWord__Back_On_-_Nibun_no_Ichi_3.mp3"
Oct 05 22:48 : player: played "K OP Single/01. KINGS.mp3"
Oct 05 22:49 : player: played "K OP Single/03. KINGS (off vocal version).mp3"
Oct 05 23:02 : player: played "K OP Single/01. KINGS.mp3"
Oct 05 23:04 : player: played "K OP Single/03. KINGS (off vocal version).mp3"
Oct 05 23:05 : player: played "K OP Single/01. KINGS.mp3"
Oct 05 23:06 : player: played "_AincradWord__Back_On_-_Nibun_no_Ichi_3.mp3"
Oct 05 23:06 : player: played "Yovie & Nuno/Yovie & Nuno - Bunga JIwaku.mp3"
Oct 05 23:07 : player: played "tensho.mp3"
Oct 05 23:12 : avahi: Service 'Music Player' successfully established.
Oct 05 23:14 : player: played "_AincradWord__Back_On_-_Nibun_no_Ichi_3.mp3"
Oct 08 14:35 : avahi: Service 'Music Player' successfully established.
Oct 08 14:39 : player: played "_AincradWord__Back_On_-_Nibun_no_Ichi_3.mp3"
Oct 08 14:39 : player: played "K OP Single/01. KINGS.mp3"
Oct 08 14:40 : player: played "Hiiragi/Hiiragi - Ima, Kono Toki.mp3"
Oct 08 14:44 : player: played "The World Ends With You OST/12 サムデイ.mp3"
Oct 08 14:47 : player: played "The World Ends With You OST/15 ツイスター.mp3"
Oct 08 17:10 : player: played "Rei Yasuda-Mirror[320][Nakama-OnePiece.blogspot.com].mp3"
Oct 08 17:14 : player: played "K OP Single/01. KINGS.mp3"
Oct 08 17:15 : player: played "tensho.mp3"
Oct 08 17:19 : player: played "tensho.mp3"
Oct 08 17:24 : player: played "Hiiragi/Hiiragi - Ima, Kono Toki.mp3"
Oct 08 17:27 : player: played "The World Ends With You OST/15 ツイスター.mp3"
Oct 08 17:31 : player: played "Rei Yasuda-Mirror[320][Nakama-OnePiece.blogspot.com].mp3"
Oct 08 19:34 : player: played "Rei Yasuda-Mirror[320][Nakama-OnePiece.blogspot.com].mp3"
Oct 08 20:14 : avahi: Service 'Music Player' successfully established.
Oct 08 20:18 : player: played "Rei Yasuda-Mirror[320][Nakama-OnePiece.blogspot.com].mp3"
Oct 08 20:22 : player: played "tensho.mp3"
Oct 08 20:27 : player: played "Hiiragi/Hiiragi - Ima, Kono Toki.mp3"
Oct 08 20:30 : player: played "The World Ends With You OST/15 ツイスター.mp3"
Oct 08 20:31 : player: played "Rei Yasuda-Mirror[320][Nakama-OnePiece.blogspot.com].mp3"
Oct 08 20:35 : player: played "_AincradWord__Back_On_-_Nibun_no_Ichi_3.mp3"
Oct 08 20:40 : pulse_output: "pulse" [pulse] failed to play: suspended
Oct 08 20:40 : player: played "K OP Single/01. KINGS.mp3"
Oct 09 08:49 : avahi: Service 'Music Player' successfully established.
Oct 09 08:49 : player: played "K OP Single/01. KINGS.mp3"
Oct 09 08:50 : player: played "Yovie & Nuno/Yovie & Nuno - Bunga JIwaku.mp3"
Oct 09 22:54 : player: played "Rei Yasuda-Mirror[320][Nakama-OnePiece.blogspot.com].mp3"
Oct 09 22:59 : player: played "Rei Yasuda-Mirror[320][Nakama-OnePiece.blogspot.com].mp3"
Oct 09 23:02 : player: played "Rei Yasuda-Mirror[320][Nakama-OnePiece.blogspot.com].mp3"
Oct 09 23:09 : player: played "Rei Yasuda-Mirror[320][Nakama-OnePiece.blogspot.com].mp3"
Oct 09 23:13 : player: played "_AincradWord__Back_On_-_Nibun_no_Ichi_3.mp3"
Oct 09 23:18 : player: played "K OP Single/01. KINGS.mp3"
Oct 09 23:20 : player: played "Yovie & Nuno/Yovie & Nuno - Bunga JIwaku.mp3"
Oct 09 23:23 : avahi: Service 'Music Player' successfully established.
Oct 09 23:26 : player: played "Yovie & Nuno/Yovie & Nuno - Bunga JIwaku.mp3"
Oct 09 23:30 : player: played "tensho.mp3"
Oct 09 23:34 : player: played "Hiiragi/Hiiragi - Ima, Kono Toki.mp3"
Oct 09 23:38 : player: played "The World Ends With You OST/15 ツイスター.mp3"
Oct 09 23:42 : player: played "Rei Yasuda-Mirror[320][Nakama-OnePiece.blogspot.com].mp3"
Oct 09 23:47 : player: played "Rei Yasuda-Mirror[320][Nakama-OnePiece.blogspot.com].mp3"
Oct 09 23:49 : player: played "Rei Yasuda-Mirror[320][Nakama-OnePiece.blogspot.com].mp3"
Oct 09 23:53 : player: played "Rei Yasuda-Mirror[320][Nakama-OnePiece.blogspot.com].mp3"
Oct 09 23:57 : player: played "Rei Yasuda-Mirror[320][Nakama-OnePiece.blogspot.com].mp3"
Oct 10 00:01 : player: played "_AincradWord__Back_On_-_Nibun_no_Ichi_3.mp3"
Oct 10 00:06 : player: played "K OP Single/01. KINGS.mp3"
Oct 10 00:09 : player: played "Yovie & Nuno/Yovie & Nuno - Bunga JIwaku.mp3"
Oct 10 00:13 : player: played "Rei Yasuda-Mirror[320][Nakama-OnePiece.blogspot.com].mp3"
Oct 10 00:18 : player: played "Rei Yasuda-Mirror[320][Nakama-OnePiece.blogspot.com].mp3"
Oct 10 00:24 : player: played "Rei Yasuda-Mirror[320][Nakama-OnePiece.blogspot.com].mp3"
Oct 10 00:29 : player: played "Rei Yasuda-Mirror[320][Nakama-OnePiece.blogspot.com].mp3"
Oct 10 00:30 : update: removing Rei Yasuda-Mirror[320][Nakama-OnePiece.blogspot.com].mp3
Oct 10 00:30 : player: played "Rei Yasuda-Mirror[320][Nakama-OnePiece.blogspot.com].mp3"
Oct 10 00:30 : update: added /Rei Yasuda-Mirror.mp3
Oct 10 00:31 : update: updating /tensho.mp3
Oct 10 00:31 : update: updating /tensho.mp3
Oct 10 00:32 : update: updating /tensho.mp3
Oct 10 00:32 : player: played "tensho.mp3"
Oct 10 00:32 : player: played "tensho.mp3"
Oct 10 00:32 : update: updating /tensho.mp3
Oct 10 00:32 : player: played "tensho.mp3"
Oct 10 00:32 : player: played "Hiiragi/Hiiragi - Ima, Kono Toki.mp3"
Oct 10 00:32 : update: updating /tensho.mp3
Oct 10 00:33 : update: updating /tensho.mp3
Oct 10 00:33 : player: played "tensho.mp3"
Oct 10 00:35 : player: played "Rei Yasuda-Mirror.mp3"
Oct 10 00:36 : update: updating /Rei Yasuda-Mirror.mp3
Oct 10 00:37 : player: played "Rei Yasuda-Mirror.mp3"
Oct 10 00:42 : player: played "1 FLAT (adding Yuuki Ozaki).mp3"
Oct 10 00:42 : player: played "The World Ends With You OST/15 ツイスター.mp3"
Oct 10 00:43 : update: updating /1 FLAT (adding Yuuki Ozaki).mp3
Oct 10 00:44 : player: played "Ichinen Nikagetsu Hatsuka - Bright.mp3"
Oct 10 10:16 : avahi: Service 'Music Player' successfully established.
Oct 10 10:17 : player: played "Ichinen Nikagetsu Hatsuka - Bright.mp3"
Oct 10 10:24 : player: played "Ichinen Nikagetsu Hatsuka - Bright.mp3"
Oct 10 10:30 : player: played "01 - heavenly blue.mp3"
Oct 10 10:34 : player: played "tensho.mp3"
Oct 10 10:38 : player: played "Rei Yasuda-Mirror.mp3"
Oct 10 10:42 : player: played "Unravel-TG-Samehadaku.net.mp3"
Oct 10 10:46 : player: played "1 FLAT (adding Yuuki Ozaki).mp3"
Oct 10 11:35 : player: played "Unravel-TG-Samehadaku.net.mp3"
Oct 10 11:39 : player: played "Rei Yasuda-Mirror.mp3"
Oct 10 11:43 : player: played "Unravel-TG-Samehadaku.net.mp3"
Oct 10 11:44 : player: played "1 FLAT (adding Yuuki Ozaki).mp3"
Oct 10 13:02 : player: played "Ichinen Nikagetsu Hatsuka - Bright.mp3"
Oct 10 13:07 : player: played "01 - heavenly blue.mp3"
Oct 10 13:12 : player: played "tensho.mp3"
Oct 10 13:15 : player: played "Rei Yasuda-Mirror.mp3"
Oct 10 13:19 : player: played "Unravel-TG-Samehadaku.net.mp3"
Oct 10 13:24 : player: played "1 FLAT (adding Yuuki Ozaki).mp3"
Oct 10 13:31 : alsa_output: "alsa" [alsa] failed to play: Broken pipe
Oct 10 13:31 : player: played "Re_ Hamatora Opening Full – SEN NO TSUBASA (Re：␣ハマトラ).mp3"
Oct 10 13:32 : avahi: Service 'Music Player' successfully established.
Oct 10 13:33 : player: played "Re_ Hamatora Opening Full – SEN NO TSUBASA (Re：␣ハマトラ).mp3"
Oct 10 13:37 : player: played "BACK-ON _ 「wimp ft. Lil' Fang(from FAKY)」MUSIC VIDEO-jQU8jUyX5q4.mp3"
Oct 10 13:42 : player: played "Ichinen Nikagetsu Hatsuka - Bright.mp3"
Oct 10 13:47 : player: played "01 - heavenly blue.mp3"
Oct 10 13:52 : player: played "tensho.mp3"
Oct 10 13:55 : player: played "Rei Yasuda-Mirror.mp3"
Oct 10 14:00 : player: played "Unravel-TG-Samehadaku.net.mp3"
Oct 10 14:02 : alsa_output: "alsa" [alsa] failed to play: Broken pipe
Oct 10 14:02 : player: played "1 FLAT (adding Yuuki Ozaki).mp3"
Oct 10 15:07 : avahi: Service 'Music Player' successfully established.
Oct 10 15:09 : player: played "1 FLAT (adding Yuuki Ozaki).mp3"
Oct 10 15:12 : avahi: Service 'Music Player' successfully established.
Oct 10 15:12 : player: played "Ichinen Nikagetsu Hatsuka - Bright.mp3"
Oct 10 15:13 : output: Failed to open mixer for 'alsa'
Oct 10 15:13 : avahi: Service 'Music Player' successfully established.
Oct 10 15:14 : player: played "Ichinen Nikagetsu Hatsuka - Bright.mp3"
Oct 10 15:15 : update: updating /Re_ Hamatora Opening Full – SEN NO TSUBASA (Re：␣ハマトラ).mp3
Oct 10 15:15 : update: updating /Rei Yasuda-Mirror.mp3
Oct 10 15:15 : update: updating /Ichinen Nikagetsu Hatsuka - Bright.mp3
Oct 10 15:15 : update: updating /1 FLAT (adding Yuuki Ozaki).mp3
Oct 10 15:15 : update: updating /Unravel-TG-Samehadaku.net.mp3
Oct 10 15:15 : update: updating /BACK-ON _ 「wimp ft. Lil' Fang(from FAKY)」MUSIC VIDEO-jQU8jUyX5q4.mp3
Oct 10 15:15 : update: updating /tensho.mp3
Oct 10 15:15 : update: updating /01 - heavenly blue.mp3
Oct 10 15:16 : player: played "tensho.mp3"
Oct 10 15:18 : player: played "K OP Single/01. KINGS.mp3"
Oct 10 15:18 : update: updating K OP Single/03. KINGS (off vocal version).mp3
Oct 10 15:18 : update: updating K OP Single/03. KINGS (off vocal version).mp3
Oct 10 15:18 : player: played "K OP Single/03. KINGS (off vocal version).mp3"
Oct 10 15:18 : output: Failed to open mixer for 'alsa'
Oct 10 15:23 : player: played "01 - heavenly blue.mp3"
Oct 10 15:27 : player: played "Rei Yasuda-Mirror.mp3"
Oct 10 15:27 : output: Failed to open mixer for 'alsa'
Oct 10 15:31 : player: played "Unravel-TG-Samehadaku.net.mp3"
Oct 10 15:36 : player: played "1 FLAT (adding Yuuki Ozaki).mp3"
Oct 10 15:36 : player: played "K OP Single/01. KINGS.mp3"
Oct 10 15:39 : player: played "1 FLAT (adding Yuuki Ozaki).mp3"
Oct 10 15:40 : player: played "K OP Single/01. KINGS.mp3"
Oct 10 15:40 : avahi: Service 'Music Player' successfully established.
Oct 10 15:44 : player: played "K OP Single/01. KINGS.mp3"
Oct 10 15:47 : player: played "Re_ Hamatora Opening Full – SEN NO TSUBASA (Re：␣ハマトラ).mp3"
Oct 10 15:51 : player: played "BACK-ON _ 「wimp ft. Lil' Fang(from FAKY)」MUSIC VIDEO-jQU8jUyX5q4.mp3"
Oct 10 15:56 : player: played "Ichinen Nikagetsu Hatsuka - Bright.mp3"
Oct 10 16:02 : player: played "01 - heavenly blue.mp3"
Oct 10 16:06 : player: played "Rei Yasuda-Mirror.mp3"
Oct 10 16:10 : player: played "Unravel-TG-Samehadaku.net.mp3"
Oct 10 16:14 : player: played "1 FLAT (adding Yuuki Ozaki).mp3"
Oct 10 16:19 : player: played "K OP Single/01. KINGS.mp3"
Oct 10 16:21 : player: played "Rei Yasuda-Mirror.mp3"
Oct 10 16:22 : avahi: Service 'Music Player' successfully established.
Oct 10 16:26 : player: played "Rei Yasuda-Mirror.mp3"
Oct 10 16:30 : player: played "Unravel-TG-Samehadaku.net.mp3"
Oct 10 16:35 : player: played "1 FLAT (adding Yuuki Ozaki).mp3"
Oct 10 16:40 : player: played "K OP Single/01. KINGS.mp3"
Oct 10 16:41 : player: played "BACK-ON _ 「wimp ft. Lil' Fang(from FAKY)」MUSIC VIDEO-jQU8jUyX5q4.mp3"
Oct 10 16:46 : player: played "Ichinen Nikagetsu Hatsuka - Bright.mp3"
Oct 10 16:51 : player: played "01 - heavenly blue.mp3"
Oct 10 16:55 : player: played "Rei Yasuda-Mirror.mp3"
Oct 10 16:58 : player: played "Unravel-TG-Samehadaku.net.mp3"
Oct 10 17:22 : avahi: Service 'Music Player' successfully established.
Oct 10 17:28 : player: played "Ichinen Nikagetsu Hatsuka - Bright.mp3"
Oct 10 17:33 : player: played "01 - heavenly blue.mp3"
Oct 10 17:37 : player: played "Rei Yasuda-Mirror.mp3"
Oct 10 17:41 : player: played "Unravel-TG-Samehadaku.net.mp3"
Oct 10 17:45 : player: played "1 FLAT (adding Yuuki Ozaki).mp3"
Oct 10 17:50 : player: played "K OP Single/01. KINGS.mp3"
Oct 10 17:56 : player: played "Rei Yasuda-Mirror.mp3"
Oct 10 18:00 : player: played "Unravel-TG-Samehadaku.net.mp3"
Oct 10 18:04 : player: played "1 FLAT (adding Yuuki Ozaki).mp3"
Oct 10 18:05 : player: played "K OP Single/01. KINGS.mp3"
Oct 10 18:11 : player: played "01 - heavenly blue.mp3"
Oct 10 18:14 : player: played "Rei Yasuda-Mirror.mp3"
Oct 10 18:18 : player: played "Unravel-TG-Samehadaku.net.mp3"
Oct 10 18:23 : player: played "Ichinen Nikagetsu Hatsuka - Bright.mp3"
Oct 10 18:29 : player: played "01 - heavenly blue.mp3"
Oct 10 18:33 : player: played "Rei Yasuda-Mirror.mp3"
Oct 10 18:37 : player: played "Unravel-TG-Samehadaku.net.mp3"
Oct 10 18:41 : player: played "1 FLAT (adding Yuuki Ozaki).mp3"
Oct 10 18:46 : player: played "K OP Single/01. KINGS.mp3"
Oct 10 18:50 : player: played "Re_ Hamatora Opening Full – SEN NO TSUBASA (Re：␣ハマトラ).mp3"
Oct 10 18:51 : update: added SUPER BEAVER - Rashisa  Watakushigoto (Single)/02 dhrzwq.mp3
Oct 10 18:51 : update: added SUPER BEAVER - Rashisa  Watakushigoto (Single)/01 xzx.mp3
Oct 10 18:51 : update: updating /tensho.mp3
Oct 10 18:52 : player: played "BACK-ON _ 「wimp ft. Lil' Fang(from FAKY)」MUSIC VIDEO-jQU8jUyX5q4.mp3"
Oct 10 18:52 : player: played "SUPER BEAVER - Rashisa  Watakushigoto (Single)/01 xzx.mp3"
Oct 10 18:52 : player: played "SUPER BEAVER - Rashisa  Watakushigoto (Single)/02 dhrzwq.mp3"
Oct 10 18:57 : player: played "SUPER BEAVER - Rashisa  Watakushigoto (Single)/01 xzx.mp3"
Oct 10 18:58 : player: played "SUPER BEAVER - Rashisa  Watakushigoto (Single)/02 dhrzwq.mp3"
Oct 10 19:03 : player: played "SUPER BEAVER - Rashisa  Watakushigoto (Single)/01 xzx.mp3"
Oct 10 19:07 : player: played "SUPER BEAVER - Rashisa  Watakushigoto (Single)/02 dhrzwq.mp3"
Oct 10 19:17 : player: played "SUPER BEAVER - Rashisa  Watakushigoto (Single)/01 xzx.mp3"
Oct 10 19:21 : player: played "SUPER BEAVER - Rashisa  Watakushigoto (Single)/02 dhrzwq.mp3"
Oct 10 19:35 : player: played "SUPER BEAVER - Rashisa  Watakushigoto (Single)/02 dhrzwq.mp3"
Oct 10 19:39 : player: played "SUPER BEAVER - Rashisa  Watakushigoto (Single)/01 xzx.mp3"
Oct 10 19:50 : player: played "Re_ Hamatora Opening Full – SEN NO TSUBASA (Re：␣ハマトラ).mp3"
